[2020-08-30 19:17:17] local.ERROR: PDOException: SQLSTATE[HY000]: General error: 1 no such table: messages in /home/vagrant/live-chat/vendor/doctrine/dbal/lib/Doctrine/DBAL/Driver/PDOConnection.php:64
Stack trace:
#0 /home/vagrant/live-chat/vendor/doctrine/dbal/lib/Doctrine/DBAL/Driver/PDOConnection.php(64): PDO->prepare()
#1 /home/vagrant/live-chat/vendor/illuminate/database/Connection.php(331): Doctrine\DBAL\Driver\PDOConnection->prepare()
#2 /home/vagrant/live-chat/vendor/illuminate/database/Connection.php(664): Illuminate\Database\Connection->Illuminate\Database\{closure}()
#3 /home/vagrant/live-chat/vendor/illuminate/database/Connection.php(631): Illuminate\Database\Connection->runQueryCallback()
#4 /home/vagrant/live-chat/vendor/illuminate/database/Connection.php(339): Illuminate\Database\Connection->run()
#5 /home/vagrant/live-chat/vendor/illuminate/database/Query/Builder.php(2260): Illuminate\Database\Connection->select()
#6 /home/vagrant/live-chat/vendor/illuminate/database/Query/Builder.php(2248): Illuminate\Database\Query\Builder->runSelect()
#7 /home/vagrant/live-chat/vendor/illuminate/database/Query/Builder.php(2743): Illuminate\Database\Query\Builder->Illuminate\Database\Query\{closure}()
#8 /home/vagrant/live-chat/vendor/illuminate/database/Query/Builder.php(2249): Illuminate\Database\Query\Builder->onceWithColumns()
#9 /home/vagrant/live-chat/vendor/illuminate/database/Eloquent/Builder.php(547): Illuminate\Database\Query\Builder->get()
#10 /home/vagrant/live-chat/vendor/illuminate/database/Eloquent/Builder.php(531): Illuminate\Database\Eloquent\Builder->getModels()
#11 /home/vagrant/live-chat/app/Http/Controllers/MessageController.php(23): Illuminate\Database\Eloquent\Builder->get()
#12 [internal function]: App\Http\Controllers\MessageController->getNewMessages()
#13 /home/vagrant/live-chat/vendor/illuminate/container/BoundMethod.php(37): call_user_func_array()
#14 /home/vagrant/live-chat/vendor/illuminate/container/Util.php(37): Illuminate\Container\BoundMethod::Illuminate\Container\{closure}()
#15 /home/vagrant/live-chat/vendor/illuminate/container/BoundMethod.php(95): Illuminate\Container\Util::unwrapIfClosure()
#16 /home/vagrant/live-chat/vendor/illuminate/container/BoundMethod.php(39): Illuminate\Container\BoundMethod::callBoundMethod()
#17 /home/vagrant/live-chat/vendor/illuminate/container/Container.php(596): Illuminate\Container\BoundMethod::call()
#18 /home/vagrant/live-chat/vendor/laravel/lumen-framework/src/Concerns/RoutesRequests.php(386): Illuminate\Container\Container->call()
#19 /home/vagrant/live-chat/vendor/laravel/lumen-framework/src/Concerns/RoutesRequests.php(352): Laravel\Lumen\Application->callControllerCallable()
#20 /home/vagrant/live-chat/vendor/laravel/lumen-framework/src/Concerns/RoutesRequests.php(326): Laravel\Lumen\Application->callLumenController()
#21 /home/vagrant/live-chat/vendor/laravel/lumen-framework/src/Concerns/RoutesRequests.php(279): Laravel\Lumen\Application->callControllerAction()
#22 /home/vagrant/live-chat/vendor/laravel/lumen-framework/src/Concerns/RoutesRequests.php(264): Laravel\Lumen\Application->callActionOnArrayBasedRoute()
#23 /home/vagrant/live-chat/vendor/laravel/lumen-framework/src/Concerns/RoutesRequests.php(166): Laravel\Lumen\Application->handleFoundRoute()
#24 /home/vagrant/live-chat/vendor/laravel/lumen-framework/src/Concerns/RoutesRequests.php(426): Laravel\Lumen\Application->Laravel\Lumen\Concerns\{closure}()
#25 /home/vagrant/live-chat/vendor/laravel/lumen-framework/src/Concerns/RoutesRequests.php(172): Laravel\Lumen\Application->sendThroughPipeline()
#26 /home/vagrant/live-chat/vendor/laravel/lumen-framework/src/Concerns/RoutesRequests.php(109): Laravel\Lumen\Application->dispatch()
#27 /home/vagrant/live-chat/public/index.php(28): Laravel\Lumen\Application->run()
#28 {main}

Next Doctrine\DBAL\Driver\PDOException: SQLSTATE[HY000]: General error: 1 no such table: messages in /home/vagrant/live-chat/vendor/doctrine/dbal/lib/Doctrine/DBAL/Driver/PDOConnection.php:66
Stack trace:
#0 /home/vagrant/live-chat/vendor/illuminate/database/Connection.php(331): Doctrine\DBAL\Driver\PDOConnection->prepare()
#1 /home/vagrant/live-chat/vendor/illuminate/database/Connection.php(664): Illuminate\Database\Connection->Illuminate\Database\{closure}()
#2 /home/vagrant/live-chat/vendor/illuminate/database/Connection.php(631): Illuminate\Database\Connection->runQueryCallback()
#3 /home/vagrant/live-chat/vendor/illuminate/database/Connection.php(339): Illuminate\Database\Connection->run()
#4 /home/vagrant/live-chat/vendor/illuminate/database/Query/Builder.php(2260): Illuminate\Database\Connection->select()
#5 /home/vagrant/live-chat/vendor/illuminate/database/Query/Builder.php(2248): Illuminate\Database\Query\Builder->runSelect()
#6 /home/vagrant/live-chat/vendor/illuminate/database/Query/Builder.php(2743): Illuminate\Database\Query\Builder->Illuminate\Database\Query\{closure}()
#7 /home/vagrant/live-chat/vendor/illuminate/database/Query/Builder.php(2249): Illuminate\Database\Query\Builder->onceWithColumns()
#8 /home/vagrant/live-chat/vendor/illuminate/database/Eloquent/Builder.php(547): Illuminate\Database\Query\Builder->get()
#9 /home/vagrant/live-chat/vendor/illuminate/database/Eloquent/Builder.php(531): Illuminate\Database\Eloquent\Builder->getModels()
#10 /home/vagrant/live-chat/app/Http/Controllers/MessageController.php(23): Illuminate\Database\Eloquent\Builder->get()
#11 [internal function]: App\Http\Controllers\MessageController->getNewMessages()
#12 /home/vagrant/live-chat/vendor/illuminate/container/BoundMethod.php(37): call_user_func_array()
#13 /home/vagrant/live-chat/vendor/illuminate/container/Util.php(37): Illuminate\Container\BoundMethod::Illuminate\Container\{closure}()
#14 /home/vagrant/live-chat/vendor/illuminate/container/BoundMethod.php(95): Illuminate\Container\Util::unwrapIfClosure()
#15 /home/vagrant/live-chat/vendor/illuminate/container/BoundMethod.php(39): Illuminate\Container\BoundMethod::callBoundMethod()
#16 /home/vagrant/live-chat/vendor/illuminate/container/Container.php(596): Illuminate\Container\BoundMethod::call()
#17 /home/vagrant/live-chat/vendor/laravel/lumen-framework/src/Concerns/RoutesRequests.php(386): Illuminate\Container\Container->call()
#18 /home/vagrant/live-chat/vendor/laravel/lumen-framework/src/Concerns/RoutesRequests.php(352): Laravel\Lumen\Application->callControllerCallable()
#19 /home/vagrant/live-chat/vendor/laravel/lumen-framework/src/Concerns/RoutesRequests.php(326): Laravel\Lumen\Application->callLumenController()
#20 /home/vagrant/live-chat/vendor/laravel/lumen-framework/src/Concerns/RoutesRequests.php(279): Laravel\Lumen\Application->callControllerAction()
#21 /home/vagrant/live-chat/vendor/laravel/lumen-framework/src/Concerns/RoutesRequests.php(264): Laravel\Lumen\Application->callActionOnArrayBasedRoute()
#22 /home/vagrant/live-chat/vendor/laravel/lumen-framework/src/Concerns/RoutesRequests.php(166): Laravel\Lumen\Application->handleFoundRoute()
#23 /home/vagrant/live-chat/vendor/laravel/lumen-framework/src/Concerns/RoutesRequests.php(426): Laravel\Lumen\Application->Laravel\Lumen\Concerns\{closure}()
#24 /home/vagrant/live-chat/vendor/laravel/lumen-framework/src/Concerns/RoutesRequests.php(172): Laravel\Lumen\Application->sendThroughPipeline()
#25 /home/vagrant/live-chat/vendor/laravel/lumen-framework/src/Concerns/RoutesRequests.php(109): Laravel\Lumen\Application->dispatch()
#26 /home/vagrant/live-chat/public/index.php(28): Laravel\Lumen\Application->run()
#27 {main}

Next Illuminate\Database\QueryException: SQLSTATE[HY000]: General error: 1 no such table: messages (SQL: select * from "messages" where "id" > 2) in /home/vagrant/live-chat/vendor/illuminate/database/Connection.php:671
Stack trace:
#0 /home/vagrant/live-chat/vendor/illuminate/database/Connection.php(631): Illuminate\Database\Connection->runQueryCallback()
#1 /home/vagrant/live-chat/vendor/illuminate/database/Connection.php(339): Illuminate\Database\Connection->run()
#2 /home/vagrant/live-chat/vendor/illuminate/database/Query/Builder.php(2260): Illuminate\Database\Connection->select()
#3 /home/vagrant/live-chat/vendor/illuminate/database/Query/Builder.php(2248): Illuminate\Database\Query\Builder->runSelect()
#4 /home/vagrant/live-chat/vendor/illuminate/database/Query/Builder.php(2743): Illuminate\Database\Query\Builder->Illuminate\Database\Query\{closure}()
#5 /home/vagrant/live-chat/vendor/illuminate/database/Query/Builder.php(2249): Illuminate\Database\Query\Builder->onceWithColumns()
#6 /home/vagrant/live-chat/vendor/illuminate/database/Eloquent/Builder.php(547): Illuminate\Database\Query\Builder->get()
#7 /home/vagrant/live-chat/vendor/illuminate/database/Eloquent/Builder.php(531): Illuminate\Database\Eloquent\Builder->getModels()
#8 /home/vagrant/live-chat/app/Http/Controllers/MessageController.php(23): Illuminate\Database\Eloquent\Builder->get()
#9 [internal function]: App\Http\Controllers\MessageController->getNewMessages()
#10 /home/vagrant/live-chat/vendor/illuminate/container/BoundMethod.php(37): call_user_func_array()
#11 /home/vagrant/live-chat/vendor/illuminate/container/Util.php(37): Illuminate\Container\BoundMethod::Illuminate\Container\{closure}()
#12 /home/vagrant/live-chat/vendor/illuminate/container/BoundMethod.php(95): Illuminate\Container\Util::unwrapIfClosure()
#13 /home/vagrant/live-chat/vendor/illuminate/container/BoundMethod.php(39): Illuminate\Container\BoundMethod::callBoundMethod()
#14 /home/vagrant/live-chat/vendor/illuminate/container/Container.php(596): Illuminate\Container\BoundMethod::call()
#15 /home/vagrant/live-chat/vendor/laravel/lumen-framework/src/Concerns/RoutesRequests.php(386): Illuminate\Container\Container->call()
#16 /home/vagrant/live-chat/vendor/laravel/lumen-framework/src/Concerns/RoutesRequests.php(352): Laravel\Lumen\Application->callControllerCallable()
#17 /home/vagrant/live-chat/vendor/laravel/lumen-framework/src/Concerns/RoutesRequests.php(326): Laravel\Lumen\Application->callLumenController()
#18 /home/vagrant/live-chat/vendor/laravel/lumen-framework/src/Concerns/RoutesRequests.php(279): Laravel\Lumen\Application->callControllerAction()
#19 /home/vagrant/live-chat/vendor/laravel/lumen-framework/src/Concerns/RoutesRequests.php(264): Laravel\Lumen\Application->callActionOnArrayBasedRoute()
#20 /home/vagrant/live-chat/vendor/laravel/lumen-framework/src/Concerns/RoutesRequests.php(166): Laravel\Lumen\Application->handleFoundRoute()
#21 /home/vagrant/live-chat/vendor/laravel/lumen-framework/src/Concerns/RoutesRequests.php(426): Laravel\Lumen\Application->Laravel\Lumen\Concerns\{closure}()
#22 /home/vagrant/live-chat/vendor/laravel/lumen-framework/src/Concerns/RoutesRequests.php(172): Laravel\Lumen\Application->sendThroughPipeline()
#23 /home/vagrant/live-chat/vendor/laravel/lumen-framework/src/Concerns/RoutesRequests.php(109): Laravel\Lumen\Application->dispatch()
#24 /home/vagrant/live-chat/public/index.php(28): Laravel\Lumen\Application->run()
#25 {main} {"exception":"[object] (Illuminate\\Database\\QueryException(code: HY000): SQLSTATE[HY000]: General error: 1 no such table: messages (SQL: select * from \"messages\" where \"id\" > 2) at /home/vagrant/live-chat/vendor/illuminate/database/Connection.php:671)
[stacktrace]
#0 /home/vagrant/live-chat/vendor/illuminate/database/Connection.php(631): Illuminate\\Database\\Connection->runQueryCallback()
#1 /home/vagrant/live-chat/vendor/illuminate/database/Connection.php(339): Illuminate\\Database\\Connection->run()
#2 /home/vagrant/live-chat/vendor/illuminate/database/Query/Builder.php(2260): Illuminate\\Database\\Connection->select()
#3 /home/vagrant/live-chat/vendor/illuminate/database/Query/Builder.php(2248): Illuminate\\Database\\Query\\Builder->runSelect()
#4 /home/vagrant/live-chat/vendor/illuminate/database/Query/Builder.php(2743): Illuminate\\Database\\Query\\Builder->Illuminate\\Database\\Query\\{closure}()
#5 /home/vagrant/live-chat/vendor/illuminate/database/Query/Builder.php(2249): Illuminate\\Database\\Query\\Builder->onceWithColumns()
#6 /home/vagrant/live-chat/vendor/illuminate/database/Eloquent/Builder.php(547): Illuminate\\Database\\Query\\Builder->get()
#7 /home/vagrant/live-chat/vendor/illuminate/database/Eloquent/Builder.php(531): Illuminate\\Database\\Eloquent\\Builder->getModels()
#8 /home/vagrant/live-chat/app/Http/Controllers/MessageController.php(23): Illuminate\\Database\\Eloquent\\Builder->get()
#9 [internal function]: App\\Http\\Controllers\\MessageController->getNewMessages()
#10 /home/vagrant/live-chat/vendor/illuminate/container/BoundMethod.php(37): call_user_func_array()
#11 /home/vagrant/live-chat/vendor/illuminate/container/Util.php(37): Illuminate\\Container\\BoundMethod::Illuminate\\Container\\{closure}()
#12 /home/vagrant/live-chat/vendor/illuminate/container/BoundMethod.php(95): Illuminate\\Container\\Util::unwrapIfClosure()
#13 /home/vagrant/live-chat/vendor/illuminate/container/BoundMethod.php(39): Illuminate\\Container\\BoundMethod::callBoundMethod()
#14 /home/vagrant/live-chat/vendor/illuminate/container/Container.php(596): Illuminate\\Container\\BoundMethod::call()
#15 /home/vagrant/live-chat/vendor/laravel/lumen-framework/src/Concerns/RoutesRequests.php(386): Illuminate\\Container\\Container->call()
#16 /home/vagrant/live-chat/vendor/laravel/lumen-framework/src/Concerns/RoutesRequests.php(352): Laravel\\Lumen\\Application->callControllerCallable()
#17 /home/vagrant/live-chat/vendor/laravel/lumen-framework/src/Concerns/RoutesRequests.php(326): Laravel\\Lumen\\Application->callLumenController()
#18 /home/vagrant/live-chat/vendor/laravel/lumen-framework/src/Concerns/RoutesRequests.php(279): Laravel\\Lumen\\Application->callControllerAction()
#19 /home/vagrant/live-chat/vendor/laravel/lumen-framework/src/Concerns/RoutesRequests.php(264): Laravel\\Lumen\\Application->callActionOnArrayBasedRoute()
#20 /home/vagrant/live-chat/vendor/laravel/lumen-framework/src/Concerns/RoutesRequests.php(166): Laravel\\Lumen\\Application->handleFoundRoute()
#21 /home/vagrant/live-chat/vendor/laravel/lumen-framework/src/Concerns/RoutesRequests.php(426): Laravel\\Lumen\\Application->Laravel\\Lumen\\Concerns\\{closure}()
#22 /home/vagrant/live-chat/vendor/laravel/lumen-framework/src/Concerns/RoutesRequests.php(172): Laravel\\Lumen\\Application->sendThroughPipeline()
#23 /home/vagrant/live-chat/vendor/laravel/lumen-framework/src/Concerns/RoutesRequests.php(109): Laravel\\Lumen\\Application->dispatch()
#24 /home/vagrant/live-chat/public/index.php(28): Laravel\\Lumen\\Application->run()
#25 {main}

[previous exception] [object] (Doctrine\\DBAL\\Driver\\PDOException(code: HY000): SQLSTATE[HY000]: General error: 1 no such table: messages at /home/vagrant/live-chat/vendor/doctrine/dbal/lib/Doctrine/DBAL/Driver/PDOConnection.php:66)
[stacktrace]
#0 /home/vagrant/live-chat/vendor/illuminate/database/Connection.php(331): Doctrine\\DBAL\\Driver\\PDOConnection->prepare()
#1 /home/vagrant/live-chat/vendor/illuminate/database/Connection.php(664): Illuminate\\Database\\Connection->Illuminate\\Database\\{closure}()
#2 /home/vagrant/live-chat/vendor/illuminate/database/Connection.php(631): Illuminate\\Database\\Connection->runQueryCallback()
#3 /home/vagrant/live-chat/vendor/illuminate/database/Connection.php(339): Illuminate\\Database\\Connection->run()
#4 /home/vagrant/live-chat/vendor/illuminate/database/Query/Builder.php(2260): Illuminate\\Database\\Connection->select()
#5 /home/vagrant/live-chat/vendor/illuminate/database/Query/Builder.php(2248): Illuminate\\Database\\Query\\Builder->runSelect()
#6 /home/vagrant/live-chat/vendor/illuminate/database/Query/Builder.php(2743): Illuminate\\Database\\Query\\Builder->Illuminate\\Database\\Query\\{closure}()
#7 /home/vagrant/live-chat/vendor/illuminate/database/Query/Builder.php(2249): Illuminate\\Database\\Query\\Builder->onceWithColumns()
#8 /home/vagrant/live-chat/vendor/illuminate/database/Eloquent/Builder.php(547): Illuminate\\Database\\Query\\Builder->get()
#9 /home/vagrant/live-chat/vendor/illuminate/database/Eloquent/Builder.php(531): Illuminate\\Database\\Eloquent\\Builder->getModels()
#10 /home/vagrant/live-chat/app/Http/Controllers/MessageController.php(23): Illuminate\\Database\\Eloquent\\Builder->get()
#11 [internal function]: App\\Http\\Controllers\\MessageController->getNewMessages()
#12 /home/vagrant/live-chat/vendor/illuminate/container/BoundMethod.php(37): call_user_func_array()
#13 /home/vagrant/live-chat/vendor/illuminate/container/Util.php(37): Illuminate\\Container\\BoundMethod::Illuminate\\Container\\{closure}()
#14 /home/vagrant/live-chat/vendor/illuminate/container/BoundMethod.php(95): Illuminate\\Container\\Util::unwrapIfClosure()
#15 /home/vagrant/live-chat/vendor/illuminate/container/BoundMethod.php(39): Illuminate\\Container\\BoundMethod::callBoundMethod()
#16 /home/vagrant/live-chat/vendor/illuminate/container/Container.php(596): Illuminate\\Container\\BoundMethod::call()
#17 /home/vagrant/live-chat/vendor/laravel/lumen-framework/src/Concerns/RoutesRequests.php(386): Illuminate\\Container\\Container->call()
#18 /home/vagrant/live-chat/vendor/laravel/lumen-framework/src/Concerns/RoutesRequests.php(352): Laravel\\Lumen\\Application->callControllerCallable()
#19 /home/vagrant/live-chat/vendor/laravel/lumen-framework/src/Concerns/RoutesRequests.php(326): Laravel\\Lumen\\Application->callLumenController()
#20 /home/vagrant/live-chat/vendor/laravel/lumen-framework/src/Concerns/RoutesRequests.php(279): Laravel\\Lumen\\Application->callControllerAction()
#21 /home/vagrant/live-chat/vendor/laravel/lumen-framework/src/Concerns/RoutesRequests.php(264): Laravel\\Lumen\\Application->callActionOnArrayBasedRoute()
#22 /home/vagrant/live-chat/vendor/laravel/lumen-framework/src/Concerns/RoutesRequests.php(166): Laravel\\Lumen\\Application->handleFoundRoute()
#23 /home/vagrant/live-chat/vendor/laravel/lumen-framework/src/Concerns/RoutesRequests.php(426): Laravel\\Lumen\\Application->Laravel\\Lumen\\Concerns\\{closure}()
#24 /home/vagrant/live-chat/vendor/laravel/lumen-framework/src/Concerns/RoutesRequests.php(172): Laravel\\Lumen\\Application->sendThroughPipeline()
#25 /home/vagrant/live-chat/vendor/laravel/lumen-framework/src/Concerns/RoutesRequests.php(109): Laravel\\Lumen\\Application->dispatch()
#26 /home/vagrant/live-chat/public/index.php(28): Laravel\\Lumen\\Application->run()
#27 {main}

[previous exception] [object] (PDOException(code: HY000): SQLSTATE[HY000]: General error: 1 no such table: messages at /home/vagrant/live-chat/vendor/doctrine/dbal/lib/Doctrine/DBAL/Driver/PDOConnection.php:64)
[stacktrace]
#0 /home/vagrant/live-chat/vendor/doctrine/dbal/lib/Doctrine/DBAL/Driver/PDOConnection.php(64): PDO->prepare()
#1 /home/vagrant/live-chat/vendor/illuminate/database/Connection.php(331): Doctrine\\DBAL\\Driver\\PDOConnection->prepare()
#2 /home/vagrant/live-chat/vendor/illuminate/database/Connection.php(664): Illuminate\\Database\\Connection->Illuminate\\Database\\{closure}()
#3 /home/vagrant/live-chat/vendor/illuminate/database/Connection.php(631): Illuminate\\Database\\Connection->runQueryCallback()
#4 /home/vagrant/live-chat/vendor/illuminate/database/Connection.php(339): Illuminate\\Database\\Connection->run()
#5 /home/vagrant/live-chat/vendor/illuminate/database/Query/Builder.php(2260): Illuminate\\Database\\Connection->select()
#6 /home/vagrant/live-chat/vendor/illuminate/database/Query/Builder.php(2248): Illuminate\\Database\\Query\\Builder->runSelect()
#7 /home/vagrant/live-chat/vendor/illuminate/database/Query/Builder.php(2743): Illuminate\\Database\\Query\\Builder->Illuminate\\Database\\Query\\{closure}()
#8 /home/vagrant/live-chat/vendor/illuminate/database/Query/Builder.php(2249): Illuminate\\Database\\Query\\Builder->onceWithColumns()
#9 /home/vagrant/live-chat/vendor/illuminate/database/Eloquent/Builder.php(547): Illuminate\\Database\\Query\\Builder->get()
#10 /home/vagrant/live-chat/vendor/illuminate/database/Eloquent/Builder.php(531): Illuminate\\Database\\Eloquent\\Builder->getModels()
#11 /home/vagrant/live-chat/app/Http/Controllers/MessageController.php(23): Illuminate\\Database\\Eloquent\\Builder->get()
#12 [internal function]: App\\Http\\Controllers\\MessageController->getNewMessages()
#13 /home/vagrant/live-chat/vendor/illuminate/container/BoundMethod.php(37): call_user_func_array()
#14 /home/vagrant/live-chat/vendor/illuminate/container/Util.php(37): Illuminate\\Container\\BoundMethod::Illuminate\\Container\\{closure}()
#15 /home/vagrant/live-chat/vendor/illuminate/container/BoundMethod.php(95): Illuminate\\Container\\Util::unwrapIfClosure()
#16 /home/vagrant/live-chat/vendor/illuminate/container/BoundMethod.php(39): Illuminate\\Container\\BoundMethod::callBoundMethod()
#17 /home/vagrant/live-chat/vendor/illuminate/container/Container.php(596): Illuminate\\Container\\BoundMethod::call()
#18 /home/vagrant/live-chat/vendor/laravel/lumen-framework/src/Concerns/RoutesRequests.php(386): Illuminate\\Container\\Container->call()
#19 /home/vagrant/live-chat/vendor/laravel/lumen-framework/src/Concerns/RoutesRequests.php(352): Laravel\\Lumen\\Application->callControllerCallable()
#20 /home/vagrant/live-chat/vendor/laravel/lumen-framework/src/Concerns/RoutesRequests.php(326): Laravel\\Lumen\\Application->callLumenController()
#21 /home/vagrant/live-chat/vendor/laravel/lumen-framework/src/Concerns/RoutesRequests.php(279): Laravel\\Lumen\\Application->callControllerAction()
#22 /home/vagrant/live-chat/vendor/laravel/lumen-framework/src/Concerns/RoutesRequests.php(264): Laravel\\Lumen\\Application->callActionOnArrayBasedRoute()
#23 /home/vagrant/live-chat/vendor/laravel/lumen-framework/src/Concerns/RoutesRequests.php(166): Laravel\\Lumen\\Application->handleFoundRoute()
#24 /home/vagrant/live-chat/vendor/laravel/lumen-framework/src/Concerns/RoutesRequests.php(426): Laravel\\Lumen\\Application->Laravel\\Lumen\\Concerns\\{closure}()
#25 /home/vagrant/live-chat/vendor/laravel/lumen-framework/src/Concerns/RoutesRequests.php(172): Laravel\\Lumen\\Application->sendThroughPipeline()
#26 /home/vagrant/live-chat/vendor/laravel/lumen-framework/src/Concerns/RoutesRequests.php(109): Laravel\\Lumen\\Application->dispatch()
#27 /home/vagrant/live-chat/public/index.php(28): Laravel\\Lumen\\Application->run()
#28 {main}
"} 
[2020-08-30 19:55:18] local.ERROR: ErrorException: Trying to get property 'name' of non-object in /home/vagrant/live-chat/app/Http/Controllers/MessageController.php:16
Stack trace:
#0 /home/vagrant/live-chat/app/Http/Controllers/MessageController.php(16): Laravel\Lumen\Application->Laravel\Lumen\Concerns\{closure}()
#1 [internal function]: App\Http\Controllers\MessageController->create()
#2 /home/vagrant/live-chat/vendor/illuminate/container/BoundMethod.php(37): call_user_func_array()
#3 /home/vagrant/live-chat/vendor/illuminate/container/Util.php(37): Illuminate\Container\BoundMethod::Illuminate\Container\{closure}()
#4 /home/vagrant/live-chat/vendor/illuminate/container/BoundMethod.php(95): Illuminate\Container\Util::unwrapIfClosure()
#5 /home/vagrant/live-chat/vendor/illuminate/container/BoundMethod.php(39): Illuminate\Container\BoundMethod::callBoundMethod()
#6 /home/vagrant/live-chat/vendor/illuminate/container/Container.php(596): Illuminate\Container\BoundMethod::call()
#7 /home/vagrant/live-chat/vendor/laravel/lumen-framework/src/Concerns/RoutesRequests.php(386): Illuminate\Container\Container->call()
#8 /home/vagrant/live-chat/vendor/laravel/lumen-framework/src/Concerns/RoutesRequests.php(352): Laravel\Lumen\Application->callControllerCallable()
#9 /home/vagrant/live-chat/vendor/laravel/lumen-framework/src/Concerns/RoutesRequests.php(326): Laravel\Lumen\Application->callLumenController()
#10 /home/vagrant/live-chat/vendor/laravel/lumen-framework/src/Concerns/RoutesRequests.php(279): Laravel\Lumen\Application->callControllerAction()
#11 /home/vagrant/live-chat/vendor/laravel/lumen-framework/src/Concerns/RoutesRequests.php(264): Laravel\Lumen\Application->callActionOnArrayBasedRoute()
#12 /home/vagrant/live-chat/vendor/laravel/lumen-framework/src/Concerns/RoutesRequests.php(166): Laravel\Lumen\Application->handleFoundRoute()
#13 /home/vagrant/live-chat/vendor/laravel/lumen-framework/src/Concerns/RoutesRequests.php(426): Laravel\Lumen\Application->Laravel\Lumen\Concerns\{closure}()
#14 /home/vagrant/live-chat/vendor/laravel/lumen-framework/src/Concerns/RoutesRequests.php(172): Laravel\Lumen\Application->sendThroughPipeline()
#15 /home/vagrant/live-chat/vendor/laravel/lumen-framework/src/Concerns/RoutesRequests.php(109): Laravel\Lumen\Application->dispatch()
#16 /home/vagrant/live-chat/public/index.php(28): Laravel\Lumen\Application->run()
#17 {main} {"exception":"[object] (ErrorException(code: 0): Trying to get property 'name' of non-object at /home/vagrant/live-chat/app/Http/Controllers/MessageController.php:16)
[stacktrace]
#0 /home/vagrant/live-chat/app/Http/Controllers/MessageController.php(16): Laravel\\Lumen\\Application->Laravel\\Lumen\\Concerns\\{closure}()
#1 [internal function]: App\\Http\\Controllers\\MessageController->create()
#2 /home/vagrant/live-chat/vendor/illuminate/container/BoundMethod.php(37): call_user_func_array()
#3 /home/vagrant/live-chat/vendor/illuminate/container/Util.php(37): Illuminate\\Container\\BoundMethod::Illuminate\\Container\\{closure}()
#4 /home/vagrant/live-chat/vendor/illuminate/container/BoundMethod.php(95): Illuminate\\Container\\Util::unwrapIfClosure()
#5 /home/vagrant/live-chat/vendor/illuminate/container/BoundMethod.php(39): Illuminate\\Container\\BoundMethod::callBoundMethod()
#6 /home/vagrant/live-chat/vendor/illuminate/container/Container.php(596): Illuminate\\Container\\BoundMethod::call()
#7 /home/vagrant/live-chat/vendor/laravel/lumen-framework/src/Concerns/RoutesRequests.php(386): Illuminate\\Container\\Container->call()
#8 /home/vagrant/live-chat/vendor/laravel/lumen-framework/src/Concerns/RoutesRequests.php(352): Laravel\\Lumen\\Application->callControllerCallable()
#9 /home/vagrant/live-chat/vendor/laravel/lumen-framework/src/Concerns/RoutesRequests.php(326): Laravel\\Lumen\\Application->callLumenController()
#10 /home/vagrant/live-chat/vendor/laravel/lumen-framework/src/Concerns/RoutesRequests.php(279): Laravel\\Lumen\\Application->callControllerAction()
#11 /home/vagrant/live-chat/vendor/laravel/lumen-framework/src/Concerns/RoutesRequests.php(264): Laravel\\Lumen\\Application->callActionOnArrayBasedRoute()
#12 /home/vagrant/live-chat/vendor/laravel/lumen-framework/src/Concerns/RoutesRequests.php(166): Laravel\\Lumen\\Application->handleFoundRoute()
#13 /home/vagrant/live-chat/vendor/laravel/lumen-framework/src/Concerns/RoutesRequests.php(426): Laravel\\Lumen\\Application->Laravel\\Lumen\\Concerns\\{closure}()
#14 /home/vagrant/live-chat/vendor/laravel/lumen-framework/src/Concerns/RoutesRequests.php(172): Laravel\\Lumen\\Application->sendThroughPipeline()
#15 /home/vagrant/live-chat/vendor/laravel/lumen-framework/src/Concerns/RoutesRequests.php(109): Laravel\\Lumen\\Application->dispatch()
#16 /home/vagrant/live-chat/public/index.php(28): Laravel\\Lumen\\Application->run()
#17 {main}
"} 
[2020-08-30 19:55:33] local.INFO: new message From: Shawn Message: kjljklj  
[2020-08-30 19:57:18] local.INFO: new message From: Shawn Message: kjhkjh  
[2020-08-30 19:57:45] local.INFO: new message From: Shawn Message: kjhkjh  
[2020-08-30 19:58:06] local.INFO: new message From: Mason Message: kjhkjh  
[2020-08-30 19:58:23] local.INFO: new message From: John Message: kjuygkjgh  
